<?xml version="1.0" encoding="UTF-8"?>
<!-- Generated by org.testng.reporters.JUnitReportReporter -->
<testsuite hostname="Suree" failures="0" tests="1" name="wfm.testcases.FacebookLogin" time="2.293" errors="0" timestamp="2022-12-06T23:57:30 IST" skipped="0">
  <testcase classname="wfm.testcases.FacebookLogin" name="facebooklogintest" time="2.293"/>
  <system-out/>
</testsuite> <!-- wfm.testcases.FacebookLogin -->
