<?xml version="1.0" encoding="UTF-8"?>
<!-- Generated by org.testng.reporters.JUnitReportReporter -->
<testsuite hostname="Suree" failures="0" tests="1" name="wfm.testcases.LoginTestCase" time="9.286" errors="0" timestamp="2022-12-14T22:10:50 IST" skipped="0">
  <testcase classname="wfm.testcases.LoginTestCase" name="facebooklogintest" time="9.286"/>
  <system-out/>
</testsuite> <!-- wfm.testcases.LoginTestCase -->
