<?xml version="1.0" encoding="UTF-8"?>
<!-- Generated by org.testng.reporters.JUnitReportReporter -->
<testsuite hostname="Suree" failures="0" tests="1" name="wfm.testcases.LoginTestCase" time="8.727" errors="0" timestamp="2022-12-16T15:50:10 IST" skipped="0">
  <testcase classname="wfm.testcases.LoginTestCase" name="facebooklogintest" time="8.727"/>
  <system-out/>
</testsuite> <!-- wfm.testcases.LoginTestCase -->
