<?xml version="1.0" encoding="UTF-8"?>
<!-- Generated by org.testng.reporters.JUnitReportReporter -->
<testsuite hostname="Suree" failures="0" tests="1" name="wfm.testcases.FacebookLogin" time="0.001" errors="0" timestamp="11 Dec 2022 08:22:44 GMT">
  <testcase classname="wfm.testcases.FacebookLogin" name="facebooklogintest" time="0.001"/>
</testsuite>
