<?xml version="1.0" encoding="UTF-8"?>
<!-- Generated by org.testng.reporters.JUnitReportReporter -->
<testsuite hostname="Suree" failures="0" tests="1" name="wfm.testcases.LoginTestCase" time="6.321" errors="0" timestamp="16 Dec 2022 07:48:47 GMT">
  <testcase classname="wfm.testcases.LoginTestCase" name="facebooklogintest" time="6.321"/>
</testsuite>
