<?xml version="1.0" encoding="UTF-8"?>
<!-- Generated by org.testng.reporters.JUnitReportReporter -->
<testsuite hostname="Suree" failures="0" tests="1" name="wfm.testcases.FacebookLoginTestCase" time="23.651" errors="0" timestamp="11 Dec 2022 19:40:55 GMT">
  <testcase classname="wfm.testcases.FacebookLoginTestCase" name="facebooklogintest" time="23.651"/>
</testsuite>
